<?xml version="1.0" encoding="UTF-8"?>
<!-- Generated by org.testng.reporters.JUnitReportReporter -->
<testsuite skipped="0" hostname="DESKTOP-HRAE54G" name="scripts.TestCase3" tests="1" failures="0" timestamp="2022-06-01T23:40:51 CDT" time="13.527" errors="0">
  <testcase name="testInvalidCredentials" time="13.527" classname="scripts.TestCase3"/>
  <system-out/>
</testsuite> <!-- scripts.TestCase3 -->
