<?xml version="1.0" encoding="UTF-8"?>
<!-- Generated by org.testng.reporters.JUnitReportReporter -->
<testsuite skipped="0" hostname="DESKTOP-HRAE54G" name="scripts.TestCase1" tests="8" failures="0" timestamp="2022-06-01T23:40:51 CDT" time="93.137" errors="0">
  <testcase name="testEmailInputAndLabel" time="11.043" classname="scripts.TestCase1"/>
  <system-out/>
  <testcase name="testCarsHeading" time="12.716" classname="scripts.TestCase1"/>
  <system-out/>
  <testcase name="testSignInButton" time="10.929" classname="scripts.TestCase1"/>
  <system-out/>
  <testcase name="testPasswordInputAndLabel" time="11.554" classname="scripts.TestCase1"/>
  <system-out/>
  <testcase name="testPrivacyStatementText" time="10.808" classname="scripts.TestCase1"/>
  <system-out/>
  <testcase name="testForgotPassword" time="12.957" classname="scripts.TestCase1"/>
  <system-out/>
  <testcase name="testCarsParagraph" time="12.703" classname="scripts.TestCase1"/>
  <system-out/>
  <testcase name="testPasswordMinChars" time="10.427" classname="scripts.TestCase1"/>
  <system-out/>
</testsuite> <!-- scripts.TestCase1 -->
