<?xml version="1.0" encoding="UTF-8"?>
<!-- Generated by org.testng.reporters.JUnitReportReporter -->
<testsuite skipped="0" hostname="DESKTOP-HRAE54G" name="scripts.TestCase2" tests="4" failures="0" timestamp="2022-06-01T23:40:51 CDT" time="43.686" errors="0">
  <testcase name="testSignInGoogle" time="11.107" classname="scripts.TestCase2"/>
  <system-out/>
  <testcase name="testConnectSocialHeader" time="11.389" classname="scripts.TestCase2"/>
  <system-out/>
  <testcase name="testSignInApple" time="10.148" classname="scripts.TestCase2"/>
  <system-out/>
  <testcase name="testSignInFacebook" time="11.042" classname="scripts.TestCase2"/>
  <system-out/>
</testsuite> <!-- scripts.TestCase2 -->
